Round: 1
...................$$$..................
...................$$$..................
........................................
........................................
........................................
........................................
........................................
........................................
........................................
........................................
........................................
........................................
........................................
........................................
........................................
........................................
........................................
........................................
........................................
........................................
........................................
........................................
........................................
........................................
........................................
........................................
........................................
........................................
........................................
........................................
........................................
........................................
........................................
........................................
........................................
........................................
........................................
........................................
........................................
........................................
........................................
........................................
........................................
........................................
........................................
........................................
........................................
........................................
........................................
........................................
Score: 0
Missed: 

Round: 2
........................................
........................................
........................................
........................................
........................................
........................................
........................................
...................$$$..................
...................$$$..................
........................................
........................................
........................................
...................{{{{{................
...................{{{{{................
...................{{{{{................
........................................
........................................
........................................
........................................
........................................
........................................
........................................
........................................
........................................
........................................
........................................
........................................
........................................
........................................
........................................
........................................
........................................
........................................
........................................
........................................
........................................
........................................
........................................
........................................
........................................
........................................
........................................
........................................
........................................
........................................
........................................
........................................
........................................
........................................
........................................
Score: 0
Missed: 

Round: 3
........................................
........................................
........................................
........................................
........................................
........................................
........................................
........................................
........................................
........................................
........................................
........................................
........................................
........................................
...................$$$..................
...................$$$..................
........................................
........................................
...................{{{{{................
...................{{{{{................
...................{{{{{................
........................................
...................^^^..................
...................^^^..................
...................^^^..................
........................................
........................................
........................................
........................................
........................................
........................................
........................................
........................................
........................................
........................................
........................................
........................................
........................................
........................................
........................................
........................................
........................................
........................................
........................................
........................................
........................................
........................................
........................................
........................................
........................................
Score: 0
Missed: 

Round: 4
........................................
........................................
........................................
........................................
........................................
........................................
........................................
........................................
........................................
........................................
........................................
........................................
........................................
........................................
........................................
........................................
........................................
........................................
........................................
........................................
........................................
...................$$$..................
...................$$$..................
........................................
...................{{{{{................
...................{{{{{................
...................{{{{{................
...................^^^..................
...................^^^..................
...................^^^..................
...................@@...................
...................@@...................
........................................
........................................
........................................
........................................
........................................
........................................
........................................
........................................
........................................
........................................
........................................
........................................
........................................
........................................
........................................
........................................
........................................
........................................
Score: 0
Missed: 

Round: 5
........................................
........................................
........................................
........................................
........................................
........................................
........................................
........................................
........................................
........................................
........................................
........................................
........................................
........................................
........................................
........................................
........................................
........................................
........................................
........................................
........................................
........................................
........................................
........................................
........................................
........................................
........................................
........................................
...................$$$..................
...................$$$..................
...................{{{{{................
...................{{{{{................
...................^^^{{................
...................^^^..................
...................@@^..................
...................@@...................
...................(....................
...................(....................
...................(....................
........................................
........................................
........................................
........................................
........................................
........................................
........................................
........................................
........................................
........................................
........................................
Score: 0
Missed: 

Round: 6
........................................
........................................
........................................
........................................
........................................
........................................
........................................
........................................
........................................
........................................
........................................
........................................
........................................
........................................
........................................
........................................
........................................
........................................
........................................
........................................
........................................
........................................
........................................
........................................
........................................
........................................
........................................
........................................
........................................
........................................
........................................
........................................
........................................
........................................
........................................
...................$$$..................
...................{{{{{................
...................^^^{{................
...................@@^{{................
...................(@^..................
...................++...................
...................(....................
........................................
........................................
........................................
........................................
........................................
........................................
........................................
........................................
Score: 0
Missed: 

Round: 7
........................................
........................................
........................................
........................................
........................................
........................................
........................................
........................................
........................................
........................................
........................................
........................................
........................................
........................................
........................................
........................................
........................................
........................................
........................................
........................................
........................................
........................................
........................................
........................................
........................................
........................................
........................................
........................................
........................................
........................................
........................................
........................................
........................................
........................................
........................................
........................................
........................................
........................................
........................................
........................................
........................................
........................................
...................o+^{{................
...................(@^{{................
...................(^^{{................
........................................
........................................
........................................
........................................
........................................
Score: 0
Missed: 

Round: 8
........................................
........................................
........................................
........................................
........................................
........................................
........................................
........................................
........................................
........................................
........................................
........................................
........................................
........................................
........................................
........................................
........................................
........................................
........................................
........................................
........................................
........................................
........................................
........................................
........................................
........................................
........................................
........................................
........................................
........................................
........................................
........................................
........................................
........................................
........................................
........................................
........................................
........................................
........................................
........................................
........................................
........................................
........................................
...................o....................
...................++...................
........................................
........................................
........................................
........................................
...................$$$..................
Score: 118
Missed: 

Round: 9
........................................
........................................
........................................
........................................
........................................
........................................
..............$$$.......................
..............$$$.......................
........................................
........................................
........................................
........................................
........................................
........................................
........................................
........................................
........................................
........................................
........................................
........................................
........................................
........................................
........................................
........................................
........................................
........................................
........................................
........................................
........................................
........................................
........................................
........................................
........................................
........................................
........................................
........................................
........................................
........................................
........................................
........................................
........................................
........................................
........................................
........................................
...................o....................
........................................
...................++...................
........................................
........................................
........................................
Score: 118
Missed: 

Round: 10
........................................
........................................
........................................
........................................
........................................
........................................
........................................
........................................
........................................
........................................
........................................
........................................
........................................
..............$$$$$$....................
..............$$$$$$....................
........................................
........................................
........................................
........................................
........................................
........................................
........................................
........................................
........................................
........................................
........................................
........................................
........................................
........................................
........................................
........................................
........................................
........................................
........................................
........................................
........................................
........................................
........................................
........................................
........................................
........................................
........................................
........................................
........................................
........................................
...................o....................
........................................
........................................
...................++...................
........................................
Score: 118
Missed: 

Round: 11
........................................
........................................
........................................
........................................
........................................
........................................
........................................
........................................
........................................
........................................
........................................
........................................
........................................
........................................
........................................
........................................
........................................
........................................
........................................
........................................
..............$$$$$$$$$.................
..............$$$$$$$$$.................
........................................
........................................
........................................
........................................
........................................
........................................
........................................
........................................
........................................
........................................
........................................
........................................
........................................
........................................
........................................
........................................
........................................
........................................
........................................
........................................
........................................
........................................
........................................
........................................
...................o....................
........................................
........................................
........................................
Score: 118
Missed: X

Round: 12
........................................
........................................
........................................
........................................
........................................
........................................
........................................
........................................
........................................
........................................
........................................
........................................
........................................
........................................
........................................
........................................
........................................
........................................
........................................
........................................
........................................
........................................
........................................
........................................
........................................
........................................
........................................
..............$$$$$$$$$.................
..............$$$$$$$$$.................
........................................
........................................
........................................
........................................
........................................
........................................
........................................
........................................
........................................
........................................
........................................
........................................
........................................
........................................
........................................
........................................
........................................
........................................
...................o....................
........................................
........................................
Score: 418
Missed: X